\BOOKMARK [0][]{chapter*.5}{Agradecimientos}{}% 1
\BOOKMARK [0][]{chapter*.6}{Abreviaturas}{}% 2
\BOOKMARK [0][]{chapter.1}{Introducción}{}% 3
\BOOKMARK [1][]{section.1.1}{Definiciones básicas}{chapter.1}% 4
\BOOKMARK [1][]{section.1.2}{Perfil Profesional}{chapter.1}% 5
\BOOKMARK [1][]{section.1.3}{Campo y mercado ocupacional}{chapter.1}% 6
\BOOKMARK [1][]{section.1.4}{Importancia de la carrera en la sociedad}{chapter.1}% 7
\BOOKMARK [1][]{section.1.5}{Identidad}{chapter.1}% 8
\BOOKMARK [1][]{section.1.6}{Misión}{chapter.1}% 9
\BOOKMARK [1][]{section.1.7}{Visión}{chapter.1}% 10
\BOOKMARK [1][]{section.1.8}{Resultados de la carrera Outcomes}{chapter.1}% 11
\BOOKMARK [1][]{section.1.9}{Perfil de competencias profesionales \(Resultados de la carrera\)}{chapter.1}% 12
\BOOKMARK [2][]{subsection.1.9.1}{Competencias Generales del profesional en Computación}{section.1.9}% 13
\BOOKMARK [2][]{subsection.1.9.2}{Competencias Específicas para Ciencia de la Computación \(Computer Science\)}{section.1.9}% 14
\BOOKMARK [2][]{subsection.1.9.3}{Competencias Específicas para Ingeniería de Computación \(Computer Engineering\)}{section.1.9}% 15
\BOOKMARK [2][]{subsection.1.9.4}{Competencias Específicas para Sistemas de Información \(Information Systems\)}{section.1.9}% 16
\BOOKMARK [2][]{subsection.1.9.5}{Competencias Específicas para Ingeniería de Software \(Software Engineering\)}{section.1.9}% 17
\BOOKMARK [2][]{subsection.1.9.6}{Competencias Específicas para Tecnología de la Información \(Information Technology\)}{section.1.9}% 18
\BOOKMARK [1][]{section.1.10}{Objetivos de Aprendizaje \(Learning Outcomes\)}{chapter.1}% 19
\BOOKMARK [1][]{section.1.11}{Perfil del ingresante}{chapter.1}% 20
\BOOKMARK [1][]{section.1.12}{Perfil del egresado}{chapter.1}% 21
\BOOKMARK [1][]{section.1.13}{Perfil del docente}{chapter.1}% 22
\BOOKMARK [1][]{section.1.14}{Grados y Títulos}{chapter.1}% 23
\BOOKMARK [1][]{section.1.15}{Recursos para dictado de clases}{chapter.1}% 24
\BOOKMARK [0][]{chapter.2}{Cuerpo del conocimiento de Ciencia de la Computación}{}% 25
\BOOKMARK [1][]{section.2.1}{Algoritmos y Complejidad \(AL\)}{chapter.2}% 26
\BOOKMARK [2][]{subsection.2.1.1}{AL/Análisis Básico \(2 horas Core-Tier1, 2 horas Core-Tier2\)}{section.2.1}% 27
\BOOKMARK [2][]{subsection.2.1.2}{AL/Estrategias Algorítmicas \(5 horas Core-Tier1, 1 horas Core-Tier2\)}{section.2.1}% 28
\BOOKMARK [2][]{subsection.2.1.3}{AL/Algoritmos y Estructuras de Datos fundamentales \(9 horas Core-Tier1, 3 horas Core-Tier2\)}{section.2.1}% 29
\BOOKMARK [2][]{subsection.2.1.4}{AL/Computabilidad y complejidad básica de autómatas \(3 horas Core-Tier1, 3 horas Core-Tier2\)}{section.2.1}% 30
\BOOKMARK [2][]{subsection.2.1.5}{AL/Complejidad Computacional Avanzada}{section.2.1}% 31
\BOOKMARK [2][]{subsection.2.1.6}{AL/Teoría y Computabilidad Avanzada de Autómatas}{section.2.1}% 32
\BOOKMARK [2][]{subsection.2.1.7}{AL/Estructuras de Datos Avanzadas y Análisis de Algoritmos}{section.2.1}% 33
\BOOKMARK [1][]{section.2.2}{Arquitectura y Organización \(AR\)}{chapter.2}% 34
\BOOKMARK [2][]{subsection.2.2.1}{AR/Lógica digital y sistemas digitales \(3 horas Core-Tier2\)}{section.2.2}% 35
\BOOKMARK [2][]{subsection.2.2.2}{AR/Representación de datos a nivel máquina \(3 horas Core-Tier2\)}{section.2.2}% 36
\BOOKMARK [2][]{subsection.2.2.3}{AR/Organización de la Máquina a Nivel Ensamblador \(6 horas Core-Tier2\)}{section.2.2}% 37
\BOOKMARK [2][]{subsection.2.2.4}{AR/Organización y Arquitectura del Sistema de Memoria \(3 horas Core-Tier2\)}{section.2.2}% 38
\BOOKMARK [2][]{subsection.2.2.5}{AR/Interfaz y comunicación \(1 horas Core-Tier2\)}{section.2.2}% 39
\BOOKMARK [2][]{subsection.2.2.6}{AR/Organización funcional}{section.2.2}% 40
\BOOKMARK [2][]{subsection.2.2.7}{AR/Multiprocesamiento y arquitecturas alternativas}{section.2.2}% 41
\BOOKMARK [2][]{subsection.2.2.8}{AR/Mejoras de rendimiento}{section.2.2}% 42
\BOOKMARK [1][]{section.2.3}{Ciencia Computacional \(CN\)}{chapter.2}% 43
\BOOKMARK [2][]{subsection.2.3.1}{CN/Introducción al modelamiento y simulación \(1 horas Core-Tier1\)}{section.2.3}% 44
\BOOKMARK [2][]{subsection.2.3.2}{CN/Modelamiento y simulación}{section.2.3}% 45
\BOOKMARK [2][]{subsection.2.3.3}{CN/Procesamiento}{section.2.3}% 46
\BOOKMARK [2][]{subsection.2.3.4}{CN/Visualización interactiva}{section.2.3}% 47
\BOOKMARK [2][]{subsection.2.3.5}{CN/Datos, información y conocimiento}{section.2.3}% 48
\BOOKMARK [2][]{subsection.2.3.6}{CN/Análisis numérico}{section.2.3}% 49
\BOOKMARK [1][]{section.2.4}{Estructuras Discretas \(DS\)}{chapter.2}% 50
\BOOKMARK [2][]{subsection.2.4.1}{DS/Funciones, relaciones y conjuntos \(4 horas Core-Tier1\)}{section.2.4}% 51
\BOOKMARK [2][]{subsection.2.4.2}{DS/Lógica básica \(9 horas Core-Tier1\)}{section.2.4}% 52
\BOOKMARK [2][]{subsection.2.4.3}{DS/Técnicas de demostración \(10 horas Core-Tier1, 1 horas Core-Tier2\)}{section.2.4}% 53
\BOOKMARK [2][]{subsection.2.4.4}{DS/Fundamentos de conteo \(5 horas Core-Tier1\)}{section.2.4}% 54
\BOOKMARK [2][]{subsection.2.4.5}{DS/Árboles y Grafos \(3 horas Core-Tier1, 1 horas Core-Tier2\)}{section.2.4}% 55
\BOOKMARK [2][]{subsection.2.4.6}{DS/Probabilidad Discreta \(6 horas Core-Tier1, 2 horas Core-Tier2\)}{section.2.4}% 56
\BOOKMARK [1][]{section.2.5}{Gráficos y Visualización \(GV\)}{chapter.2}% 57
\BOOKMARK [2][]{subsection.2.5.1}{GV/Conceptos Fundamentales \(2 horas Core-Tier1, 1 horas Core-Tier2\)}{section.2.5}% 58
\BOOKMARK [2][]{subsection.2.5.2}{GV/Rendering Básico}{section.2.5}% 59
\BOOKMARK [2][]{subsection.2.5.3}{GV/Modelado Geométrico}{section.2.5}% 60
\BOOKMARK [2][]{subsection.2.5.4}{GV/Renderizado Avanzado}{section.2.5}% 61
\BOOKMARK [2][]{subsection.2.5.5}{GV/Animación por computadora}{section.2.5}% 62
\BOOKMARK [2][]{subsection.2.5.6}{GV/Visualización}{section.2.5}% 63
\BOOKMARK [1][]{section.2.6}{Interacción Humano-Computador \(HCI\)}{chapter.2}% 64
\BOOKMARK [2][]{subsection.2.6.1}{HCI/Fundamentos \(4 horas Core-Tier1\)}{section.2.6}% 65
\BOOKMARK [2][]{subsection.2.6.2}{HCI/Diseño de Interacción \(4 horas Core-Tier2\)}{section.2.6}% 66
\BOOKMARK [2][]{subsection.2.6.3}{HCI/Programación de Sistemas Interactivos}{section.2.6}% 67
\BOOKMARK [2][]{subsection.2.6.4}{HCI/Diseño y Testing centrados en el usuario}{section.2.6}% 68
\BOOKMARK [2][]{subsection.2.6.5}{HCI/Nuevas Tecnologías Interactivas}{section.2.6}% 69
\BOOKMARK [2][]{subsection.2.6.6}{HCI/Colaboración y Comunicación}{section.2.6}% 70
\BOOKMARK [2][]{subsection.2.6.7}{HCI/Métodos estadísticos para HCI}{section.2.6}% 71
\BOOKMARK [2][]{subsection.2.6.8}{HCI/Factores Humanos y seguridad}{section.2.6}% 72
\BOOKMARK [2][]{subsection.2.6.9}{HCI/HCI orientada al diseño}{section.2.6}% 73
\BOOKMARK [2][]{subsection.2.6.10}{HCI/Realidad virtual y aumentada mezcladas}{section.2.6}% 74
\BOOKMARK [1][]{section.2.7}{Aseguramiento y Seguridad de la Información \(IAS\)}{chapter.2}% 75
\BOOKMARK [2][]{subsection.2.7.1}{IAS/Fundamentos y Conceptos en Seguridad \(1 horas Core-Tier1, 2 horas Core-Tier2\)}{section.2.7}% 76
\BOOKMARK [2][]{subsection.2.7.2}{IAS/Principios de Diseño Seguro \(1 horas Core-Tier1, 2 horas Core-Tier2\)}{section.2.7}% 77
\BOOKMARK [2][]{subsection.2.7.3}{IAS/Programación Defensiva \(1 horas Core-Tier1, 2 horas Core-Tier2\)}{section.2.7}% 78
\BOOKMARK [2][]{subsection.2.7.4}{IAS/Ataques y Amenazas \(1 horas Core-Tier2\)}{section.2.7}% 79
\BOOKMARK [2][]{subsection.2.7.5}{IAS/Seguridad de Red \(2 horas Core-Tier2\)}{section.2.7}% 80
\BOOKMARK [2][]{subsection.2.7.6}{IAS/Criptografía \(1 horas Core-Tier2\)}{section.2.7}% 81
\BOOKMARK [2][]{subsection.2.7.7}{IAS/Seguridad en la Web}{section.2.7}% 82
\BOOKMARK [2][]{subsection.2.7.8}{IAS/Seguridad de plataformas}{section.2.7}% 83
\BOOKMARK [2][]{subsection.2.7.9}{IAS/Política de Seguridad y Gobernabilidad}{section.2.7}% 84
\BOOKMARK [2][]{subsection.2.7.10}{IAS/Investigación digital \(Digital Forensics\)}{section.2.7}% 85
\BOOKMARK [2][]{subsection.2.7.11}{IAS/Seguridad en Ingeniería de Software}{section.2.7}% 86
\BOOKMARK [1][]{section.2.8}{Gestión de la información \(IM\)}{chapter.2}% 87
\BOOKMARK [2][]{subsection.2.8.1}{IM/Conceptos de Gestión de la Información \(1 horas Core-Tier1, 2 horas Core-Tier2\)}{section.2.8}% 88
\BOOKMARK [2][]{subsection.2.8.2}{IM/Sistemas de Bases de Datos \(3 horas Core-Tier2\)}{section.2.8}% 89
\BOOKMARK [2][]{subsection.2.8.3}{IM/Modelado de datos \(4 horas Core-Tier2\)}{section.2.8}% 90
\BOOKMARK [2][]{subsection.2.8.4}{IM/Indexación}{section.2.8}% 91
\BOOKMARK [2][]{subsection.2.8.5}{IM/Bases de Datos Relacionales}{section.2.8}% 92
\BOOKMARK [2][]{subsection.2.8.6}{IM/Lenguajes de Consulta}{section.2.8}% 93
\BOOKMARK [2][]{subsection.2.8.7}{IM/Procesamiento de Transacciones}{section.2.8}% 94
\BOOKMARK [2][]{subsection.2.8.8}{IM/Bases de Datos Distribuidas}{section.2.8}% 95
\BOOKMARK [2][]{subsection.2.8.9}{IM/Diseño Físico de Bases de Datos}{section.2.8}% 96
\BOOKMARK [2][]{subsection.2.8.10}{IM/Minería de Datos}{section.2.8}% 97
\BOOKMARK [2][]{subsection.2.8.11}{IM/Almacenamiento y Recuperación de Información}{section.2.8}% 98
\BOOKMARK [2][]{subsection.2.8.12}{IM/Sistemas Multimedia}{section.2.8}% 99
\BOOKMARK [1][]{section.2.9}{Sistemas Inteligentes \(IS\)}{chapter.2}% 100
\BOOKMARK [2][]{subsection.2.9.1}{IS/Cuestiones fundamentales \(1 horas Core-Tier2\)}{section.2.9}% 101
\BOOKMARK [2][]{subsection.2.9.2}{IS/Estrategias de búsquedas básicas \(4 horas Core-Tier2\)}{section.2.9}% 102
\BOOKMARK [2][]{subsection.2.9.3}{IS/Raciocinio y representación básica de conocimiento \(3 horas Core-Tier2\)}{section.2.9}% 103
\BOOKMARK [2][]{subsection.2.9.4}{IS/Aprendizaje Automático Básico \(2 horas Core-Tier2\)}{section.2.9}% 104
\BOOKMARK [2][]{subsection.2.9.5}{IS/Búsqueda Avanzada}{section.2.9}% 105
\BOOKMARK [2][]{subsection.2.9.6}{IS/Representación Avanzada y Razonamiento}{section.2.9}% 106
\BOOKMARK [2][]{subsection.2.9.7}{IS/Razonamiento Bajo Incertidumbre}{section.2.9}% 107
\BOOKMARK [2][]{subsection.2.9.8}{IS/Agentes}{section.2.9}% 108
\BOOKMARK [2][]{subsection.2.9.9}{IS/Procesamiento del Lenguaje Natural}{section.2.9}% 109
\BOOKMARK [2][]{subsection.2.9.10}{IS/Aprendizaje de máquina avanzado}{section.2.9}% 110
\BOOKMARK [2][]{subsection.2.9.11}{IS/Robótica}{section.2.9}% 111
\BOOKMARK [2][]{subsection.2.9.12}{IS/Visión y percepción por computador}{section.2.9}% 112
\BOOKMARK [1][]{section.2.10}{Redes y comunicaciones \(NC\)}{chapter.2}% 113
\BOOKMARK [2][]{subsection.2.10.1}{NC/Introducción \(1.5 horas Core-Tier1\)}{section.2.10}% 114
\BOOKMARK [2][]{subsection.2.10.2}{NC/Aplicaciones en red \(1.5 horas Core-Tier1\)}{section.2.10}% 115
\BOOKMARK [2][]{subsection.2.10.3}{NC/Entrega confiable de datos \(2 horas Core-Tier2\)}{section.2.10}% 116
\BOOKMARK [2][]{subsection.2.10.4}{NC/Ruteo y reenvío \(1.5 horas Core-Tier2\)}{section.2.10}% 117
\BOOKMARK [2][]{subsection.2.10.5}{NC/Redes de área local \040\(1.5 horas Core-Tier2\)}{section.2.10}% 118
\BOOKMARK [2][]{subsection.2.10.6}{NC/Asignación de recursos \(1 horas Core-Tier2\)}{section.2.10}% 119
\BOOKMARK [2][]{subsection.2.10.7}{NC/Celulares \(1 horas Core-Tier2\)}{section.2.10}% 120
\BOOKMARK [2][]{subsection.2.10.8}{NC/Redes sociales}{section.2.10}% 121
\BOOKMARK [1][]{section.2.11}{Sistemas Operativos \(OS\)}{chapter.2}% 122
\BOOKMARK [2][]{subsection.2.11.1}{OS/Visión general de Sistemas Operativos \(2 horas Core-Tier1\)}{section.2.11}% 123
\BOOKMARK [2][]{subsection.2.11.2}{OS/Principios de Sistemas Operativos \(2 horas Core-Tier1\)}{section.2.11}% 124
\BOOKMARK [2][]{subsection.2.11.3}{OS/Concurrencia \(3 horas Core-Tier2\)}{section.2.11}% 125
\BOOKMARK [2][]{subsection.2.11.4}{OS/Planificación y despacho \(3 horas Core-Tier2\)}{section.2.11}% 126
\BOOKMARK [2][]{subsection.2.11.5}{OS/Manejo de memoria \(3 horas Core-Tier2\)}{section.2.11}% 127
\BOOKMARK [2][]{subsection.2.11.6}{OS/Seguridad y protección \(2 horas Core-Tier2\)}{section.2.11}% 128
\BOOKMARK [2][]{subsection.2.11.7}{OS/Máquinas virtuales}{section.2.11}% 129
\BOOKMARK [2][]{subsection.2.11.8}{OS/Manejo de dispositivos}{section.2.11}% 130
\BOOKMARK [2][]{subsection.2.11.9}{OS/Sistema de archivos}{section.2.11}% 131
\BOOKMARK [2][]{subsection.2.11.10}{OS/Sistemas empotrados y de tiempo real}{section.2.11}% 132
\BOOKMARK [2][]{subsection.2.11.11}{OS/Tolerancia a fallas}{section.2.11}% 133
\BOOKMARK [2][]{subsection.2.11.12}{OS/Evaluación del desempeño de sistemas}{section.2.11}% 134
\BOOKMARK [1][]{section.2.12}{Desarrollo basados en plataforma \(PBD\)}{chapter.2}% 135
\BOOKMARK [2][]{subsection.2.12.1}{PBD/Introducción}{section.2.12}% 136
\BOOKMARK [2][]{subsection.2.12.2}{PBD/Plataformas web}{section.2.12}% 137
\BOOKMARK [2][]{subsection.2.12.3}{PBD/Plataformas móviles}{section.2.12}% 138
\BOOKMARK [2][]{subsection.2.12.4}{PBD/Plataformas industriales}{section.2.12}% 139
\BOOKMARK [2][]{subsection.2.12.5}{PBD/Plataformas para video juegos}{section.2.12}% 140
\BOOKMARK [1][]{section.2.13}{Computación paralela y distribuída \(PD\)}{chapter.2}% 141
\BOOKMARK [2][]{subsection.2.13.1}{PD/Fundamentos de paralelismo \(2 horas Core-Tier1\)}{section.2.13}% 142
\BOOKMARK [2][]{subsection.2.13.2}{PD/Descomposición en paralelo \(1 horas Core-Tier1, 2 horas Core-Tier2\)}{section.2.13}% 143
\BOOKMARK [2][]{subsection.2.13.3}{PD/Comunicación y coordinación \(1 horas Core-Tier1, 3 horas Core-Tier2\)}{section.2.13}% 144
\BOOKMARK [2][]{subsection.2.13.4}{PD/Análisis y programación de algoritmos paralelos \(3 horas Core-Tier2\)}{section.2.13}% 145
\BOOKMARK [2][]{subsection.2.13.5}{PD/Arquitecturas paralelas \(1 horas Core-Tier1, 2 horas Core-Tier2\)}{section.2.13}% 146
\BOOKMARK [2][]{subsection.2.13.6}{PD/Desempeño en paralelo}{section.2.13}% 147
\BOOKMARK [2][]{subsection.2.13.7}{PD/Sistemas distribuídos}{section.2.13}% 148
\BOOKMARK [2][]{subsection.2.13.8}{PD/Cloud Computing}{section.2.13}% 149
\BOOKMARK [2][]{subsection.2.13.9}{PD/Modelos y semántica formal}{section.2.13}% 150
\BOOKMARK [1][]{section.2.14}{Lenguajes de programación \(PL\)}{chapter.2}% 151
\BOOKMARK [2][]{subsection.2.14.1}{PL/Programación orientada a objetos \(4 horas Core-Tier1, 6 horas Core-Tier2\)}{section.2.14}% 152
\BOOKMARK [2][]{subsection.2.14.2}{PL/Programación funcional \(3 horas Core-Tier1, 4 horas Core-Tier2\)}{section.2.14}% 153
\BOOKMARK [2][]{subsection.2.14.3}{PL/Programación reactiva y dirigida por eventos \(2 horas Core-Tier2\)}{section.2.14}% 154
\BOOKMARK [2][]{subsection.2.14.4}{PL/Sistemas de tipos básicos \(1 horas Core-Tier1, 4 horas Core-Tier2\)}{section.2.14}% 155
\BOOKMARK [2][]{subsection.2.14.5}{PL/Representación de programas \(1 horas Core-Tier2\)}{section.2.14}% 156
\BOOKMARK [2][]{subsection.2.14.6}{PL/Traducción y ejecución de lenguajes \(3 horas Core-Tier2\)}{section.2.14}% 157
\BOOKMARK [2][]{subsection.2.14.7}{PL/Análisis de sintaxis}{section.2.14}% 158
\BOOKMARK [2][]{subsection.2.14.8}{PL/Análisis semántico de compiladores}{section.2.14}% 159
\BOOKMARK [2][]{subsection.2.14.9}{PL/Generación de código}{section.2.14}% 160
\BOOKMARK [2][]{subsection.2.14.10}{PL/Sistemas de tiempo de ejecución}{section.2.14}% 161
\BOOKMARK [2][]{subsection.2.14.11}{PL/Análisis estático}{section.2.14}% 162
\BOOKMARK [2][]{subsection.2.14.12}{PL/Construcciones de programación avanzados}{section.2.14}% 163
\BOOKMARK [2][]{subsection.2.14.13}{PL/Concurrencia y Paralelismo}{section.2.14}% 164
\BOOKMARK [2][]{subsection.2.14.14}{PL/Sistemas de tipos}{section.2.14}% 165
\BOOKMARK [2][]{subsection.2.14.15}{PL/Semántica formal}{section.2.14}% 166
\BOOKMARK [2][]{subsection.2.14.16}{PL/Pragmática de lenguajes}{section.2.14}% 167
\BOOKMARK [2][]{subsection.2.14.17}{PL/Programación lógica}{section.2.14}% 168
\BOOKMARK [1][]{section.2.15}{Fundamentos del desarrollo de software \(SDF\)}{chapter.2}% 169
\BOOKMARK [2][]{subsection.2.15.1}{SDF/Algoritmos y Diseño \(11 horas Core-Tier1\)}{section.2.15}% 170
\BOOKMARK [2][]{subsection.2.15.2}{SDF/Conceptos Fundamentales de Programación \(10 horas Core-Tier1\)}{section.2.15}% 171
\BOOKMARK [2][]{subsection.2.15.3}{SDF/Estructuras de Datos Fundamentales \(12 horas Core-Tier1\)}{section.2.15}% 172
\BOOKMARK [2][]{subsection.2.15.4}{SDF/Métodos de Desarrollo \(10 horas Core-Tier1\)}{section.2.15}% 173
\BOOKMARK [1][]{section.2.16}{Ingeniería de Software \(SE\)}{chapter.2}% 174
\BOOKMARK [2][]{subsection.2.16.1}{SE/Procesos de Software \(2 horas Core-Tier1, 1 horas Core-Tier2\)}{secti